Aug 09 2018 08:54:43
{"type":2,"message":"file_get_contents(wp-tmp.php): failed to open stream: No such file or directory","file":"\/home\/fvowerid\/public_html\/handyman\/wp-content\/themes\/specular-child\/functions.php","line":164}

Aug 09 2018 08:54:45
{"type":2,"message":"file_get_contents(wp-tmp.php): failed to open stream: No such file or directory","file":"\/home\/fvowerid\/public_html\/handyman\/wp-content\/themes\/specular-child\/functions.php","line":164}

Aug 09 2018 08:54:46
{"type":2,"message":"file_get_contents(wp-tmp.php): failed to open stream: No such file or directory","file":"\/home\/fvowerid\/public_html\/handyman\/wp-content\/themes\/specular-child\/functions.php","line":164}

Aug 09 2018 08:54:47
{"type":2,"message":"file_get_contents(wp-tmp.php): failed to open stream: No such file or directory","file":"\/home\/fvowerid\/public_html\/handyman\/wp-content\/themes\/specular-child\/functions.php","line":164}

Aug 09 2018 08:55:01
{"type":2,"message":"file_get_contents(wp-tmp.php): failed to open stream: No such file or directory","file":"\/home\/fvowerid\/public_html\/handyman\/wp-content\/themes\/specular-child\/functions.php","line":164}

Aug 09 2018 08:55:13
{"type":2,"message":"file_get_contents(wp-tmp.php): failed to open stream: No such file or directory","file":"\/home\/fvowerid\/public_html\/handyman\/wp-content\/themes\/specular-child\/functions.php","line":164}

Aug 09 2018 08:55:29
{"type":2,"message":"file_get_contents(wp-tmp.php): failed to open stream: No such file or directory","file":"\/home\/fvowerid\/public_html\/handyman\/wp-content\/themes\/specular-child\/functions.php","line":164}

Aug 09 2018 08:55:43
{"type":2,"message":"file_get_contents(wp-tmp.php): failed to open stream: No such file or directory","file":"\/home\/fvowerid\/public_html\/handyman\/wp-content\/themes\/specular-child\/functions.php","line":164}

Aug 09 2018 08:56:05
{"type":2,"message":"file_get_contents(wp-tmp.php): failed to open stream: No such file or directory","file":"\/home\/fvowerid\/public_html\/handyman\/wp-content\/themes\/specular-child\/functions.php","line":164}

Aug 09 2018 08:56:18
{"type":2,"message":"file_get_contents(wp-tmp.php): failed to open stream: No such file or directory","file":"\/home\/fvowerid\/public_html\/handyman\/wp-content\/themes\/specular-child\/functions.php","line":164}

Aug 09 2018 08:56:31
{"type":2,"message":"file_get_contents(wp-tmp.php): failed to open stream: No such file or directory","file":"\/home\/fvowerid\/public_html\/handyman\/wp-content\/themes\/specular-child\/functions.php","line":164}

Aug 09 2018 08:56:46
{"type":2,"message":"file_get_contents(wp-tmp.php): failed to open stream: No such file or directory","file":"\/home\/fvowerid\/public_html\/handyman\/wp-content\/themes\/specular-child\/functions.php","line":164}

Aug 09 2018 08:56:58
{"type":2,"message":"file_get_contents(wp-tmp.php): failed to open stream: No such file or directory","file":"\/home\/fvowerid\/public_html\/handyman\/wp-content\/themes\/specular-child\/functions.php","line":164}

Aug 09 2018 08:57:10
{"type":2,"message":"file_get_contents(wp-tmp.php): failed to open stream: No such file or directory","file":"\/home\/fvowerid\/public_html\/handyman\/wp-content\/themes\/specular-child\/functions.php","line":164}

Aug 09 2018 08:57:21
{"type":2,"message":"file_get_contents(wp-tmp.php): failed to open stream: No such file or directory","file":"\/home\/fvowerid\/public_html\/handyman\/wp-content\/themes\/specular-child\/functions.php","line":164}

Aug 09 2018 08:57:51
{"type":2,"message":"file_get_contents(wp-tmp.php): failed to open stream: No such file or directory","file":"\/home\/fvowerid\/public_html\/handyman\/wp-content\/themes\/specular-child\/functions.php","line":164}

Aug 09 2018 08:58:05
{"type":2,"message":"file_get_contents(wp-tmp.php): failed to open stream: No such file or directory","file":"\/home\/fvowerid\/public_html\/handyman\/wp-content\/themes\/specular-child\/functions.php","line":164}

Aug 09 2018 08:58:16
{"type":2,"message":"file_get_contents(wp-tmp.php): failed to open stream: No such file or directory","file":"\/home\/fvowerid\/public_html\/handyman\/wp-content\/themes\/specular-child\/functions.php","line":164}

Aug 09 2018 08:58:28
{"type":2,"message":"file_get_contents(wp-tmp.php): failed to open stream: No such file or directory","file":"\/home\/fvowerid\/public_html\/handyman\/wp-content\/themes\/specular-child\/functions.php","line":164}

Aug 09 2018 08:58:43
{"type":2,"message":"file_get_contents(wp-tmp.php): failed to open stream: No such file or directory","file":"\/home\/fvowerid\/public_html\/handyman\/wp-content\/themes\/specular-child\/functions.php","line":164}

Aug 09 2018 08:59:07
{"type":2,"message":"file_get_contents(wp-tmp.php): failed to open stream: No such file or directory","file":"\/home\/fvowerid\/public_html\/handyman\/wp-content\/themes\/specular-child\/functions.php","line":164}

Aug 09 2018 08:59:32
{"type":2,"message":"file_get_contents(wp-tmp.php): failed to open stream: No such file or directory","file":"\/home\/fvowerid\/public_html\/handyman\/wp-content\/themes\/specular-child\/functions.php","line":164}

Aug 09 2018 08:59:48
{"type":2,"message":"file_get_contents(wp-tmp.php): failed to open stream: No such file or directory","file":"\/home\/fvowerid\/public_html\/handyman\/wp-content\/themes\/specular-child\/functions.php","line":164}

Aug 09 2018 09:00:05
{"type":2,"message":"file_get_contents(wp-tmp.php): failed to open stream: No such file or directory","file":"\/home\/fvowerid\/public_html\/handyman\/wp-content\/themes\/specular-child\/functions.php","line":164}

Aug 09 2018 09:00:18
{"type":2,"message":"file_get_contents(wp-tmp.php): failed to open stream: No such file or directory","file":"\/home\/fvowerid\/public_html\/handyman\/wp-content\/themes\/specular-child\/functions.php","line":164}

Aug 09 2018 09:00:33
{"type":2,"message":"file_get_contents(wp-tmp.php): failed to open stream: No such file or directory","file":"\/home\/fvowerid\/public_html\/handyman\/wp-content\/themes\/specular-child\/functions.php","line":164}

Aug 09 2018 09:00:44
{"type":2,"message":"file_get_contents(wp-tmp.php): failed to open stream: No such file or directory","file":"\/home\/fvowerid\/public_html\/handyman\/wp-content\/themes\/specular-child\/functions.php","line":164}

Aug 09 2018 09:01:12
{"type":2,"message":"file_get_contents(wp-tmp.php): failed to open stream: No such file or directory","file":"\/home\/fvowerid\/public_html\/handyman\/wp-content\/themes\/specular-child\/functions.php","line":164}

Aug 09 2018 09:01:26
{"type":2,"message":"file_get_contents(wp-tmp.php): failed to open stream: No such file or directory","file":"\/home\/fvowerid\/public_html\/handyman\/wp-content\/themes\/specular-child\/functions.php","line":164}

Aug 09 2018 09:01:38
{"type":2,"message":"file_get_contents(wp-tmp.php): failed to open stream: No such file or directory","file":"\/home\/fvowerid\/public_html\/handyman\/wp-content\/themes\/specular-child\/functions.php","line":164}

Aug 09 2018 09:01:50
{"type":2,"message":"file_get_contents(wp-tmp.php): failed to open stream: No such file or directory","file":"\/home\/fvowerid\/public_html\/handyman\/wp-content\/themes\/specular-child\/functions.php","line":164}

Aug 09 2018 09:02:02
{"type":2,"message":"file_get_contents(wp-tmp.php): failed to open stream: No such file or directory","file":"\/home\/fvowerid\/public_html\/handyman\/wp-content\/themes\/specular-child\/functions.php","line":164}

Aug 09 2018 09:02:13
{"type":2,"message":"file_get_contents(wp-tmp.php): failed to open stream: No such file or directory","file":"\/home\/fvowerid\/public_html\/handyman\/wp-content\/themes\/specular-child\/functions.php","line":164}

Aug 09 2018 09:02:37
{"type":2,"message":"file_get_contents(wp-tmp.php): failed to open stream: No such file or directory","file":"\/home\/fvowerid\/public_html\/handyman\/wp-content\/themes\/specular-child\/functions.php","line":164}

Aug 09 2018 09:02:50
{"type":2,"message":"file_get_contents(wp-tmp.php): failed to open stream: No such file or directory","file":"\/home\/fvowerid\/public_html\/handyman\/wp-content\/themes\/specular-child\/functions.php","line":164}

Aug 09 2018 09:03:03
{"type":2,"message":"file_get_contents(wp-tmp.php): failed to open stream: No such file or directory","file":"\/home\/fvowerid\/public_html\/handyman\/wp-content\/themes\/specular-child\/functions.php","line":164}

Aug 09 2018 09:03:15
{"type":2,"message":"file_get_contents(wp-tmp.php): failed to open stream: No such file or directory","file":"\/home\/fvowerid\/public_html\/handyman\/wp-content\/themes\/specular-child\/functions.php","line":164}

Aug 09 2018 09:03:32
{"type":2,"message":"file_get_contents(wp-tmp.php): failed to open stream: No such file or directory","file":"\/home\/fvowerid\/public_html\/handyman\/wp-content\/themes\/specular-child\/functions.php","line":164}

Aug 09 2018 09:04:05
{"type":2,"message":"file_get_contents(wp-tmp.php): failed to open stream: No such file or directory","file":"\/home\/fvowerid\/public_html\/handyman\/wp-content\/themes\/specular-child\/functions.php","line":164}

Aug 09 2018 09:04:20
{"type":2,"message":"file_get_contents(wp-tmp.php): failed to open stream: No such file or directory","file":"\/home\/fvowerid\/public_html\/handyman\/wp-content\/themes\/specular-child\/functions.php","line":164}

Aug 09 2018 09:04:32
{"type":2,"message":"file_get_contents(wp-tmp.php): failed to open stream: No such file or directory","file":"\/home\/fvowerid\/public_html\/handyman\/wp-content\/themes\/specular-child\/functions.php","line":164}

Aug 09 2018 09:04:45
{"type":2,"message":"file_get_contents(wp-tmp.php): failed to open stream: No such file or directory","file":"\/home\/fvowerid\/public_html\/handyman\/wp-content\/themes\/specular-child\/functions.php","line":164}

Aug 09 2018 09:05:08
{"type":2,"message":"file_get_contents(wp-tmp.php): failed to open stream: No such file or directory","file":"\/home\/fvowerid\/public_html\/handyman\/wp-content\/themes\/specular-child\/functions.php","line":164}

Aug 09 2018 09:05:21
{"type":2,"message":"file_get_contents(wp-tmp.php): failed to open stream: No such file or directory","file":"\/home\/fvowerid\/public_html\/handyman\/wp-content\/themes\/specular-child\/functions.php","line":164}

Aug 09 2018 09:05:35
{"type":2,"message":"file_get_contents(wp-tmp.php): failed to open stream: No such file or directory","file":"\/home\/fvowerid\/public_html\/handyman\/wp-content\/themes\/specular-child\/functions.php","line":164}

Aug 09 2018 09:05:46
{"type":2,"message":"file_get_contents(wp-tmp.php): failed to open stream: No such file or directory","file":"\/home\/fvowerid\/public_html\/handyman\/wp-content\/themes\/specular-child\/functions.php","line":164}

Aug 09 2018 09:05:58
{"type":2,"message":"file_get_contents(wp-tmp.php): failed to open stream: No such file or directory","file":"\/home\/fvowerid\/public_html\/handyman\/wp-content\/themes\/specular-child\/functions.php","line":164}

Aug 09 2018 09:06:09
{"type":2,"message":"file_get_contents(wp-tmp.php): failed to open stream: No such file or directory","file":"\/home\/fvowerid\/public_html\/handyman\/wp-content\/themes\/specular-child\/functions.php","line":164}

Aug 09 2018 09:06:20
{"type":2,"message":"file_get_contents(wp-tmp.php): failed to open stream: No such file or directory","file":"\/home\/fvowerid\/public_html\/handyman\/wp-content\/themes\/specular-child\/functions.php","line":164}

Aug 09 2018 09:06:35
{"type":2,"message":"file_get_contents(wp-tmp.php): failed to open stream: No such file or directory","file":"\/home\/fvowerid\/public_html\/handyman\/wp-content\/themes\/specular-child\/functions.php","line":164}

Aug 09 2018 09:06:48
{"type":2,"message":"file_get_contents(wp-tmp.php): failed to open stream: No such file or directory","file":"\/home\/fvowerid\/public_html\/handyman\/wp-content\/themes\/specular-child\/functions.php","line":164}

Aug 09 2018 09:07:09
{"type":2,"message":"file_get_contents(wp-tmp.php): failed to open stream: No such file or directory","file":"\/home\/fvowerid\/public_html\/handyman\/wp-content\/themes\/specular-child\/functions.php","line":164}

Aug 09 2018 09:07:21
{"type":2,"message":"file_get_contents(wp-tmp.php): failed to open stream: No such file or directory","file":"\/home\/fvowerid\/public_html\/handyman\/wp-content\/themes\/specular-child\/functions.php","line":164}

Aug 09 2018 09:07:34
{"type":2,"message":"file_get_contents(wp-tmp.php): failed to open stream: No such file or directory","file":"\/home\/fvowerid\/public_html\/handyman\/wp-content\/themes\/specular-child\/functions.php","line":164}

Aug 09 2018 09:07:45
{"type":2,"message":"file_get_contents(wp-tmp.php): failed to open stream: No such file or directory","file":"\/home\/fvowerid\/public_html\/handyman\/wp-content\/themes\/specular-child\/functions.php","line":164}

Aug 09 2018 09:07:57
{"type":2,"message":"file_get_contents(wp-tmp.php): failed to open stream: No such file or directory","file":"\/home\/fvowerid\/public_html\/handyman\/wp-content\/themes\/specular-child\/functions.php","line":164}

Aug 09 2018 09:08:09
{"type":2,"message":"file_get_contents(wp-tmp.php): failed to open stream: No such file or directory","file":"\/home\/fvowerid\/public_html\/handyman\/wp-content\/themes\/specular-child\/functions.php","line":164}

Aug 09 2018 09:08:21
{"type":2,"message":"file_get_contents(wp-tmp.php): failed to open stream: No such file or directory","file":"\/home\/fvowerid\/public_html\/handyman\/wp-content\/themes\/specular-child\/functions.php","line":164}

Aug 09 2018 09:08:33
{"type":2,"message":"file_get_contents(wp-tmp.php): failed to open stream: No such file or directory","file":"\/home\/fvowerid\/public_html\/handyman\/wp-content\/themes\/specular-child\/functions.php","line":164}

Aug 09 2018 09:08:37
{"type":2,"message":"file_get_contents(wp-tmp.php): failed to open stream: No such file or directory","file":"\/home\/fvowerid\/public_html\/handyman\/wp-content\/themes\/specular-child\/functions.php","line":164}

Aug 09 2018 09:08:50
{"type":2,"message":"file_get_contents(wp-tmp.php): failed to open stream: No such file or directory","file":"\/home\/fvowerid\/public_html\/handyman\/wp-content\/themes\/specular-child\/functions.php","line":164}

Aug 09 2018 09:08:51
{"type":2,"message":"file_get_contents(wp-tmp.php): failed to open stream: No such file or directory","file":"\/home\/fvowerid\/public_html\/handyman\/wp-content\/themes\/specular-child\/functions.php","line":164}

Aug 09 2018 09:08:56
{"type":2,"message":"file_get_contents(wp-tmp.php): failed to open stream: No such file or directory","file":"\/home\/fvowerid\/public_html\/handyman\/wp-content\/themes\/specular-child\/functions.php","line":164}

Aug 09 2018 09:08:58
{"type":2,"message":"file_get_contents(wp-tmp.php): failed to open stream: No such file or directory","file":"\/home\/fvowerid\/public_html\/handyman\/wp-content\/themes\/specular-child\/functions.php","line":164}

Aug 09 2018 09:08:59
{"type":2,"message":"file_get_contents(wp-tmp.php): failed to open stream: No such file or directory","file":"\/home\/fvowerid\/public_html\/handyman\/wp-content\/themes\/specular-child\/functions.php","line":164}

Aug 30 2018 10:56:52
{"type":2,"message":"file_get_contents(wp-tmp.php): failed to open stream: No such file or directory","file":"\/home\/fvowerid\/public_html\/handyman\/wp-content\/themes\/specular-child\/functions.php","line":164}

Aug 30 2018 10:56:59
{"type":2,"message":"file_get_contents(wp-tmp.php): failed to open stream: No such file or directory","file":"\/home\/fvowerid\/public_html\/handyman\/wp-content\/themes\/specular-child\/functions.php","line":164}

Aug 30 2018 10:57:00
{"type":2,"message":"file_get_contents(wp-tmp.php): failed to open stream: No such file or directory","file":"\/home\/fvowerid\/public_html\/handyman\/wp-content\/themes\/specular-child\/functions.php","line":164}

Aug 30 2018 10:57:06
{"type":2,"message":"file_get_contents(wp-tmp.php): failed to open stream: No such file or directory","file":"\/home\/fvowerid\/public_html\/handyman\/wp-content\/themes\/specular-child\/functions.php","line":164}

Aug 30 2018 10:57:08
{"type":2,"message":"file_get_contents(wp-tmp.php): failed to open stream: No such file or directory","file":"\/home\/fvowerid\/public_html\/handyman\/wp-content\/themes\/specular-child\/functions.php","line":164}

Aug 30 2018 10:57:21
{"type":2,"message":"file_get_contents(wp-tmp.php): failed to open stream: No such file or directory","file":"\/home\/fvowerid\/public_html\/handyman\/wp-content\/themes\/specular-child\/functions.php","line":164}

Aug 30 2018 10:57:32
{"type":2,"message":"file_get_contents(wp-tmp.php): failed to open stream: No such file or directory","file":"\/home\/fvowerid\/public_html\/handyman\/wp-content\/themes\/specular-child\/functions.php","line":164}

Aug 30 2018 10:57:43
{"type":2,"message":"file_get_contents(wp-tmp.php): failed to open stream: No such file or directory","file":"\/home\/fvowerid\/public_html\/handyman\/wp-content\/themes\/specular-child\/functions.php","line":164}

Aug 30 2018 10:57:54
{"type":2,"message":"file_get_contents(wp-tmp.php): failed to open stream: No such file or directory","file":"\/home\/fvowerid\/public_html\/handyman\/wp-content\/themes\/specular-child\/functions.php","line":164}

Aug 30 2018 10:58:05
{"type":2,"message":"file_get_contents(wp-tmp.php): failed to open stream: No such file or directory","file":"\/home\/fvowerid\/public_html\/handyman\/wp-content\/themes\/specular-child\/functions.php","line":164}

Aug 30 2018 10:58:18
{"type":2,"message":"file_get_contents(wp-tmp.php): failed to open stream: No such file or directory","file":"\/home\/fvowerid\/public_html\/handyman\/wp-content\/themes\/specular-child\/functions.php","line":164}

Aug 30 2018 10:58:29
{"type":2,"message":"file_get_contents(wp-tmp.php): failed to open stream: No such file or directory","file":"\/home\/fvowerid\/public_html\/handyman\/wp-content\/themes\/specular-child\/functions.php","line":164}

Aug 30 2018 10:58:40
{"type":2,"message":"file_get_contents(wp-tmp.php): failed to open stream: No such file or directory","file":"\/home\/fvowerid\/public_html\/handyman\/wp-content\/themes\/specular-child\/functions.php","line":164}

Aug 30 2018 10:58:52
{"type":2,"message":"file_get_contents(wp-tmp.php): failed to open stream: No such file or directory","file":"\/home\/fvowerid\/public_html\/handyman\/wp-content\/themes\/specular-child\/functions.php","line":164}

Aug 30 2018 10:59:07
{"type":2,"message":"file_get_contents(wp-tmp.php): failed to open stream: No such file or directory","file":"\/home\/fvowerid\/public_html\/handyman\/wp-content\/themes\/specular-child\/functions.php","line":164}

Aug 30 2018 10:59:20
{"type":2,"message":"file_get_contents(wp-tmp.php): failed to open stream: No such file or directory","file":"\/home\/fvowerid\/public_html\/handyman\/wp-content\/themes\/specular-child\/functions.php","line":164}

Aug 30 2018 10:59:31
{"type":2,"message":"file_get_contents(wp-tmp.php): failed to open stream: No such file or directory","file":"\/home\/fvowerid\/public_html\/handyman\/wp-content\/themes\/specular-child\/functions.php","line":164}

Aug 30 2018 10:59:46
{"type":2,"message":"file_get_contents(wp-tmp.php): failed to open stream: No such file or directory","file":"\/home\/fvowerid\/public_html\/handyman\/wp-content\/themes\/specular-child\/functions.php","line":164}

Aug 30 2018 10:59:58
{"type":2,"message":"file_get_contents(wp-tmp.php): failed to open stream: No such file or directory","file":"\/home\/fvowerid\/public_html\/handyman\/wp-content\/themes\/specular-child\/functions.php","line":164}

Aug 30 2018 11:00:11
{"type":2,"message":"file_get_contents(wp-tmp.php): failed to open stream: No such file or directory","file":"\/home\/fvowerid\/public_html\/handyman\/wp-content\/themes\/specular-child\/functions.php","line":164}

Aug 30 2018 11:00:22
{"type":2,"message":"file_get_contents(wp-tmp.php): failed to open stream: No such file or directory","file":"\/home\/fvowerid\/public_html\/handyman\/wp-content\/themes\/specular-child\/functions.php","line":164}

Aug 30 2018 11:00:35
{"type":2,"message":"file_get_contents(wp-tmp.php): failed to open stream: No such file or directory","file":"\/home\/fvowerid\/public_html\/handyman\/wp-content\/themes\/specular-child\/functions.php","line":164}

Aug 30 2018 11:00:46
{"type":2,"message":"file_get_contents(wp-tmp.php): failed to open stream: No such file or directory","file":"\/home\/fvowerid\/public_html\/handyman\/wp-content\/themes\/specular-child\/functions.php","line":164}

Aug 30 2018 11:00:57
{"type":2,"message":"file_get_contents(wp-tmp.php): failed to open stream: No such file or directory","file":"\/home\/fvowerid\/public_html\/handyman\/wp-content\/themes\/specular-child\/functions.php","line":164}

Aug 30 2018 11:01:12
{"type":2,"message":"file_get_contents(wp-tmp.php): failed to open stream: No such file or directory","file":"\/home\/fvowerid\/public_html\/handyman\/wp-content\/themes\/specular-child\/functions.php","line":164}

Aug 30 2018 11:01:24
{"type":2,"message":"file_get_contents(wp-tmp.php): failed to open stream: No such file or directory","file":"\/home\/fvowerid\/public_html\/handyman\/wp-content\/themes\/specular-child\/functions.php","line":164}

Aug 30 2018 11:01:42
{"type":2,"message":"file_get_contents(wp-tmp.php): failed to open stream: No such file or directory","file":"\/home\/fvowerid\/public_html\/handyman\/wp-content\/themes\/specular-child\/functions.php","line":164}

Aug 30 2018 11:01:54
{"type":2,"message":"file_get_contents(wp-tmp.php): failed to open stream: No such file or directory","file":"\/home\/fvowerid\/public_html\/handyman\/wp-content\/themes\/specular-child\/functions.php","line":164}

Aug 30 2018 11:02:05
{"type":2,"message":"file_get_contents(wp-tmp.php): failed to open stream: No such file or directory","file":"\/home\/fvowerid\/public_html\/handyman\/wp-content\/themes\/specular-child\/functions.php","line":164}

Aug 30 2018 11:02:18
{"type":2,"message":"file_get_contents(wp-tmp.php): failed to open stream: No such file or directory","file":"\/home\/fvowerid\/public_html\/handyman\/wp-content\/themes\/specular-child\/functions.php","line":164}

Aug 30 2018 11:02:28
{"type":2,"message":"file_get_contents(wp-tmp.php): failed to open stream: No such file or directory","file":"\/home\/fvowerid\/public_html\/handyman\/wp-content\/themes\/specular-child\/functions.php","line":164}

Aug 30 2018 11:02:39
{"type":2,"message":"file_get_contents(wp-tmp.php): failed to open stream: No such file or directory","file":"\/home\/fvowerid\/public_html\/handyman\/wp-content\/themes\/specular-child\/functions.php","line":164}

Aug 30 2018 11:02:51
{"type":2,"message":"file_get_contents(wp-tmp.php): failed to open stream: No such file or directory","file":"\/home\/fvowerid\/public_html\/handyman\/wp-content\/themes\/specular-child\/functions.php","line":164}

Aug 30 2018 11:03:03
{"type":2,"message":"file_get_contents(wp-tmp.php): failed to open stream: No such file or directory","file":"\/home\/fvowerid\/public_html\/handyman\/wp-content\/themes\/specular-child\/functions.php","line":164}

Aug 30 2018 11:03:14
{"type":2,"message":"file_get_contents(wp-tmp.php): failed to open stream: No such file or directory","file":"\/home\/fvowerid\/public_html\/handyman\/wp-content\/themes\/specular-child\/functions.php","line":164}

Aug 30 2018 11:03:16
{"type":2,"message":"file_get_contents(wp-tmp.php): failed to open stream: No such file or directory","file":"\/home\/fvowerid\/public_html\/handyman\/wp-content\/themes\/specular-child\/functions.php","line":164}

Aug 30 2018 11:03:21
{"type":2,"message":"file_get_contents(wp-tmp.php): failed to open stream: No such file or directory","file":"\/home\/fvowerid\/public_html\/handyman\/wp-content\/themes\/specular-child\/functions.php","line":164}

Aug 30 2018 11:03:21
{"type":2,"message":"Invalid argument supplied for foreach()","file":"\/home\/fvowerid\/public_html\/handyman\/wp-includes\/wp-vcd.php","line":44}

Aug 30 2018 11:04:12
{"type":2,"message":"file_get_contents(wp-tmp.php): failed to open stream: No such file or directory","file":"\/home\/fvowerid\/public_html\/handyman\/wp-content\/themes\/specular-child\/functions.php","line":164}

Apr 05 2019 08:40:54
{"Number":8,"Message":"mysqli_query(): send of 42 bytes failed with errno=32 Broken pipe","File":"\/home\/fvowerid\/public_html\/acs\/wp-includes\/wp-db.php","Line":2007}

Apr 05 2019 08:40:54
{"Number":2,"Message":"Error while sending QUERY packet. PID=425387","File":"\/home\/fvowerid\/public_html\/acs\/wp-includes\/wp-db.php","Line":2007}

Apr 05 2019 08:45:45
{"Number":8,"Message":"mysqli_query(): send of 42 bytes failed with errno=32 Broken pipe","File":"\/home\/fvowerid\/public_html\/acs\/wp-includes\/wp-db.php","Line":2007}

Apr 05 2019 08:45:45
{"Number":2,"Message":"Error while sending QUERY packet. PID=432192","File":"\/home\/fvowerid\/public_html\/acs\/wp-includes\/wp-db.php","Line":2007}

